==16447== Memcheck, a memory error detector
==16447== Copyright (C) 2002-2012, and GNU GPL'd, by Julian Seward et al.
==16447== Using Valgrind-3.8.1 and LibVEX; rerun with -h for copyright info
==16447== Command: ./pa01
==16447== Parent PID: 19565
==16447== 
--16447-- 
--16447-- Valgrind options:
--16447--    --tool=memcheck
--16447--    --leak-check=full
--16447--    --verbose
--16447--    --log-file=memcheck.log
--16447-- Contents of /proc/version:
--16447--   Linux version 2.6.32-431.23.3.el6.x86_64 (mockbuild@x86-027.build.eng.bos.redhat.com) (gcc version 4.4.7 20120313 (Red Hat 4.4.7-4) (GCC) ) #1 SMP Wed Jul 16 06:12:23 EDT 2014
--16447-- Arch and hwcaps: AMD64, amd64-sse3-cx16
--16447-- Page sizes: currently 4096, max supported 4096
--16447-- Valgrind library directory: /usr/lib64/valgrind
--16447-- Reading syms from /home/shay/a/pkale/ECE264/problems/ECE264Assignments/Fall2014/PA01/pa01
--16447-- Reading syms from /usr/lib64/valgrind/memcheck-amd64-linux
--16447--    object doesn't have a dynamic symbol table
--16447-- Reading syms from /lib64/ld-2.12.so
--16447-- Scheduler: using generic scheduler lock implementation.
--16447-- Reading suppressions file: /usr/lib64/valgrind/default.supp
==16447== embedded gdbserver: reading from /tmp/vgdb-pipe-from-vgdb-to-16447-by-pkale-on-ecegrid-thin1.ecn.purdue.edu
==16447== embedded gdbserver: writing to   /tmp/vgdb-pipe-to-vgdb-from-16447-by-pkale-on-ecegrid-thin1.ecn.purdue.edu
==16447== embedded gdbserver: shared mem   /tmp/vgdb-pipe-shared-mem-vgdb-16447-by-pkale-on-ecegrid-thin1.ecn.purdue.edu
==16447== 
==16447== TO CONTROL THIS PROCESS USING vgdb (which you probably
==16447== don't want to do, unless you know exactly what you're doing,
==16447== or are doing some strange experiment):
==16447==   /usr/lib64/valgrind/../../bin/vgdb --pid=16447 ...command...
==16447== 
==16447== TO DEBUG THIS PROCESS USING GDB: start GDB like this
==16447==   /path/to/gdb ./pa01
==16447== and then give GDB the following command
==16447==   target remote | /usr/lib64/valgrind/../../bin/vgdb --pid=16447
==16447== --pid is optional if only one valgrind process is running
==16447== 
--16447-- REDIR: 0x3f79a17530 (strlen) redirected to 0x38049551 (vgPlain_amd64_linux_REDIR_FOR_strlen)
--16447-- Reading syms from /usr/lib64/valgrind/vgpreload_core-amd64-linux.so
--16447-- Reading syms from /usr/lib64/valgrind/vgpreload_memcheck-amd64-linux.so
--16447-- REDIR: 0x3f79a173a0 (index) redirected to 0x4a07bf0 (index)
--16447-- REDIR: 0x3f79a17420 (strcmp) redirected to 0x4a08530 (strcmp)
--16447-- Reading syms from /lib64/libc-2.12.so
--16447-- REDIR: 0x3f79e84cd0 (strcasecmp) redirected to 0x480155c (_vgnU_ifunc_wrapper)
--16447-- REDIR: 0x3f79e86f90 (strncasecmp) redirected to 0x480155c (_vgnU_ifunc_wrapper)
--16447-- REDIR: 0x3f79e82c40 (__GI_strrchr) redirected to 0x4a07a70 (__GI_strrchr)
--16447-- REDIR: 0x3f79e81160 (__GI_strlen) redirected to 0x4a07f70 (__GI_strlen)
--16447-- REDIR: 0x3f79e84500 (mempcpy) redirected to 0x4a09f80 (mempcpy)
--16447-- REDIR: 0x3f79e8aaf0 (strchrnul) redirected to 0x4a09f10 (strchrnul)
--16447-- REDIR: 0x3f79e7b520 (free) redirected to 0x4a06369 (free)
==16447== 
==16447== HEAP SUMMARY:
==16447==     in use at exit: 0 bytes in 0 blocks
==16447==   total heap usage: 0 allocs, 0 frees, 0 bytes allocated
==16447== 
==16447== All heap blocks were freed -- no leaks are possible
==16447== 
==16447== ERROR SUMMARY: 0 errors from 0 contexts (suppressed: 6 from 6)
--16447-- 
--16447-- used_suppression:      4 U1004-ARM-_dl_relocate_object
--16447-- used_suppression:      2 glibc-2.5.x-on-SUSE-10.2-(PPC)-2a
==16447== 
==16447== ERROR SUMMARY: 0 errors from 0 contexts (suppressed: 6 from 6)
