==7833== Memcheck, a memory error detector
==7833== Copyright (C) 2002-2012, and GNU GPL'd, by Julian Seward et al.
==7833== Using Valgrind-3.8.1 and LibVEX; rerun with -h for copyright info
==7833== Command: ./pa03
==7833== Parent PID: 23229
==7833== 
--7833-- 
--7833-- Valgrind options:
--7833--    --tool=memcheck
--7833--    --leak-check=full
--7833--    --verbose
--7833--    --log-file=memcheck.log
--7833-- Contents of /proc/version:
--7833--   Linux version 2.6.32-431.29.2.el6.x86_64 (mockbuild@x86-026.build.eng.bos.redhat.com) (gcc version 4.4.7 20120313 (Red Hat 4.4.7-4) (GCC) ) #1 SMP Sun Jul 27 15:55:46 EDT 2014
--7833-- Arch and hwcaps: AMD64, amd64-sse3-cx16
--7833-- Page sizes: currently 4096, max supported 4096
--7833-- Valgrind library directory: /usr/lib64/valgrind
--7833-- Reading syms from /home/shay/a/pkale/ECE264/problems/ECE264Assignments/Fall2014/PA03/pa03
--7833-- Reading syms from /usr/lib64/valgrind/memcheck-amd64-linux
--7833--    object doesn't have a dynamic symbol table
--7833-- Reading syms from /lib64/ld-2.12.so
--7833--   Considering /usr/lib/debug/.build-id/57/bf668f99b7f5917b8d55fbb645173c9a644575.debug ..
--7833--   .. build-id is valid
--7833-- Scheduler: using generic scheduler lock implementation.
--7833-- Reading suppressions file: /usr/lib64/valgrind/default.supp
==7833== embedded gdbserver: reading from /tmp/vgdb-pipe-from-vgdb-to-7833-by-pkale-on-ecegrid-thin1.ecn.purdue.edu
==7833== embedded gdbserver: writing to   /tmp/vgdb-pipe-to-vgdb-from-7833-by-pkale-on-ecegrid-thin1.ecn.purdue.edu
==7833== embedded gdbserver: shared mem   /tmp/vgdb-pipe-shared-mem-vgdb-7833-by-pkale-on-ecegrid-thin1.ecn.purdue.edu
==7833== 
==7833== TO CONTROL THIS PROCESS USING vgdb (which you probably
==7833== don't want to do, unless you know exactly what you're doing,
==7833== or are doing some strange experiment):
==7833==   /usr/lib64/valgrind/../../bin/vgdb --pid=7833 ...command...
==7833== 
==7833== TO DEBUG THIS PROCESS USING GDB: start GDB like this
==7833==   /path/to/gdb ./pa03
==7833== and then give GDB the following command
==7833==   target remote | /usr/lib64/valgrind/../../bin/vgdb --pid=7833
==7833== --pid is optional if only one valgrind process is running
==7833== 
--7833-- REDIR: 0x3f79a17530 (strlen) redirected to 0x38049551 (vgPlain_amd64_linux_REDIR_FOR_strlen)
--7833-- Reading syms from /usr/lib64/valgrind/vgpreload_core-amd64-linux.so
--7833-- Reading syms from /usr/lib64/valgrind/vgpreload_memcheck-amd64-linux.so
--7833-- REDIR: 0x3f79a173a0 (index) redirected to 0x4a07bf0 (index)
--7833-- REDIR: 0x3f79a17420 (strcmp) redirected to 0x4a08530 (strcmp)
--7833-- Reading syms from /lib64/libc-2.12.so
--7833--   Considering /usr/lib/debug/.build-id/07/b5ce35eba864a01b697f5ca117e94b9248064f.debug ..
--7833--   .. build-id is valid
--7833-- REDIR: 0x3f79e84cd0 (strcasecmp) redirected to 0x480155c (_vgnU_ifunc_wrapper)
--7833-- REDIR: 0x3f79e86f90 (strncasecmp) redirected to 0x480155c (_vgnU_ifunc_wrapper)
--7833-- REDIR: 0x3f79e82c40 (__GI_strrchr) redirected to 0x4a07a70 (__GI_strrchr)
--7833-- REDIR: 0x3f79e81120 (strlen) redirected to 0x480155c (_vgnU_ifunc_wrapper)
--7833-- REDIR: 0x3f79f33560 (__strlen_sse42) redirected to 0x4a07f50 (strlen)
--7833-- REDIR: 0x3f79e7a640 (malloc) redirected to 0x4a0696c (malloc)
--7833-- REDIR: 0x3f79e7b520 (free) redirected to 0x4a06369 (free)
--7833-- REDIR: 0x3f79e7f470 (strcat) redirected to 0x4a07c20 (strcat)
--7833-- REDIR: 0x3f79e8aaf0 (strchrnul) redirected to 0x4a09f10 (strchrnul)
--7833-- REDIR: 0x3f79e84500 (mempcpy) redirected to 0x4a09f80 (mempcpy)
--7833-- REDIR: 0x3f79e80b70 (strcpy) redirected to 0x480155c (_vgnU_ifunc_wrapper)
--7833-- REDIR: 0x3f79f34000 (???) redirected to 0x4a07f90 (strcpy)
--7833-- REDIR: 0x3f79e7f630 (index) redirected to 0x480155c (_vgnU_ifunc_wrapper)
--7833-- REDIR: 0x3f79f281e0 (__strchr_sse42) redirected to 0x4a07b00 (index)
--7833-- REDIR: 0x3f79e82be0 (strncpy) redirected to 0x480155c (_vgnU_ifunc_wrapper)
--7833-- REDIR: 0x3f79f34a20 (???) redirected to 0x4a08130 (strncpy)
==7833== 
==7833== HEAP SUMMARY:
==7833==     in use at exit: 0 bytes in 0 blocks
==7833==   total heap usage: 8 allocs, 8 frees, 214 bytes allocated
==7833== 
==7833== All heap blocks were freed -- no leaks are possible
==7833== 
==7833== ERROR SUMMARY: 0 errors from 0 contexts (suppressed: 6 from 6)
--7833-- 
--7833-- used_suppression:      4 U1004-ARM-_dl_relocate_object
--7833-- used_suppression:      2 glibc-2.5.x-on-SUSE-10.2-(PPC)-2a
==7833== 
==7833== ERROR SUMMARY: 0 errors from 0 contexts (suppressed: 6 from 6)
