==6292== Memcheck, a memory error detector
==6292== Copyright (C) 2002-2012, and GNU GPL'd, by Julian Seward et al.
==6292== Using Valgrind-3.8.1 and LibVEX; rerun with -h for copyright info
==6292== Command: ./a.out ham
==6292== Parent PID: 23299
==6292== 
--6292-- 
--6292-- Valgrind options:
--6292--    --tool=memcheck
--6292--    --leak-check=full
--6292--    --verbose
--6292--    --log-file=memcheck.log
--6292-- Contents of /proc/version:
--6292--   Linux version 2.6.32-431.29.2.el6.x86_64 (mockbuild@x86-026.build.eng.bos.redhat.com) (gcc version 4.4.7 20120313 (Red Hat 4.4.7-4) (GCC) ) #1 SMP Sun Jul 27 15:55:46 EDT 2014
--6292-- Arch and hwcaps: AMD64, amd64-sse3-cx16
--6292-- Page sizes: currently 4096, max supported 4096
--6292-- Valgrind library directory: /usr/lib64/valgrind
--6292-- Reading syms from /home/shay/a/pkale/ECE264/problems/ECE264Assignments/Fall2014/PA04/a.out
--6292-- Reading syms from /usr/lib64/valgrind/memcheck-amd64-linux
--6292--    object doesn't have a dynamic symbol table
--6292-- Reading syms from /lib64/ld-2.12.so
--6292--   Considering /usr/lib/debug/.build-id/57/bf668f99b7f5917b8d55fbb645173c9a644575.debug ..
--6292--   .. build-id is valid
--6292-- Scheduler: using generic scheduler lock implementation.
--6292-- Reading suppressions file: /usr/lib64/valgrind/default.supp
==6292== embedded gdbserver: reading from /tmp/vgdb-pipe-from-vgdb-to-6292-by-pkale-on-ecegrid-thin1.ecn.purdue.edu
==6292== embedded gdbserver: writing to   /tmp/vgdb-pipe-to-vgdb-from-6292-by-pkale-on-ecegrid-thin1.ecn.purdue.edu
==6292== embedded gdbserver: shared mem   /tmp/vgdb-pipe-shared-mem-vgdb-6292-by-pkale-on-ecegrid-thin1.ecn.purdue.edu
==6292== 
==6292== TO CONTROL THIS PROCESS USING vgdb (which you probably
==6292== don't want to do, unless you know exactly what you're doing,
==6292== or are doing some strange experiment):
==6292==   /usr/lib64/valgrind/../../bin/vgdb --pid=6292 ...command...
==6292== 
==6292== TO DEBUG THIS PROCESS USING GDB: start GDB like this
==6292==   /path/to/gdb ./a.out
==6292== and then give GDB the following command
==6292==   target remote | /usr/lib64/valgrind/../../bin/vgdb --pid=6292
==6292== --pid is optional if only one valgrind process is running
==6292== 
--6292-- REDIR: 0x3f79a17530 (strlen) redirected to 0x38049551 (vgPlain_amd64_linux_REDIR_FOR_strlen)
--6292-- Reading syms from /usr/lib64/valgrind/vgpreload_core-amd64-linux.so
--6292-- Reading syms from /usr/lib64/valgrind/vgpreload_memcheck-amd64-linux.so
--6292-- REDIR: 0x3f79a173a0 (index) redirected to 0x4a07bf0 (index)
--6292-- REDIR: 0x3f79a17420 (strcmp) redirected to 0x4a08530 (strcmp)
--6292-- Reading syms from /lib64/libc-2.12.so
--6292--   Considering /usr/lib/debug/.build-id/07/b5ce35eba864a01b697f5ca117e94b9248064f.debug ..
--6292--   .. build-id is valid
--6292-- REDIR: 0x3f79e84cd0 (strcasecmp) redirected to 0x480155c (_vgnU_ifunc_wrapper)
--6292-- REDIR: 0x3f79e86f90 (strncasecmp) redirected to 0x480155c (_vgnU_ifunc_wrapper)
--6292-- REDIR: 0x3f79e82c40 (__GI_strrchr) redirected to 0x4a07a70 (__GI_strrchr)
--6292-- REDIR: 0x3f79e7f6e0 (strcmp) redirected to 0x480155c (_vgnU_ifunc_wrapper)
--6292-- REDIR: 0x3f79f28290 (__strcmp_sse42) redirected to 0x4a08490 (strcmp)
--6292-- REDIR: 0x3f79e83350 (memchr) redirected to 0x4a085d0 (memchr)
--6292-- REDIR: 0x3f79e89670 (memcpy) redirected to 0x4a08b20 (memcpy)
--6292-- REDIR: 0x3f79e8e4c0 (strstr) redirected to 0x480155c (_vgnU_ifunc_wrapper)
--6292-- REDIR: 0x3f79f2a490 (__strstr_sse42) redirected to 0x4a0a160 (strstr)
==6292== 
==6292== Process terminating with default action of signal 1 (SIGHUP)
==6292==    at 0x3F79E66437: fclose@@GLIBC_2.2.5 (iofclose.c:67)
==6292==    by 0x400B5F: main (grep-lite.c:88)
--6292-- REDIR: 0x3f79e7b520 (free) redirected to 0x4a06369 (free)
==6292== 
==6292== HEAP SUMMARY:
==6292==     in use at exit: 0 bytes in 0 blocks
==6292==   total heap usage: 0 allocs, 0 frees, 0 bytes allocated
==6292== 
==6292== All heap blocks were freed -- no leaks are possible
==6292== 
==6292== ERROR SUMMARY: 0 errors from 0 contexts (suppressed: 6 from 6)
--6292-- 
--6292-- used_suppression:      4 U1004-ARM-_dl_relocate_object
--6292-- used_suppression:      2 glibc-2.5.x-on-SUSE-10.2-(PPC)-2a
==6292== 
==6292== ERROR SUMMARY: 0 errors from 0 contexts (suppressed: 6 from 6)
